Move information:
Animal was placed at (1,1)

Current map state:

 y\x  0 1 2 3 4 5 6 7 8 9
  9: ---------------------
  8: | | | | | | | | | |*|
  7: | | | |*| | | |*| | |
  6: | | | | |*| | | | | |
  5: | | | | | | | |*| | |
  4: | | | |*| | | | | | |
  3: | | |*| | | | | | | |
  2: | |*| | | | | | | | |
  1: | |^| | | | | | | | |
  0: |*| | | | | | | | |*|
 -1: ---------------------

-----------------
Move information:
Animal moved from (1,1) to (1,2)

Current map state:

 y\x  0 1 2 3 4 5 6 7 8 9
  9: ---------------------
  8: | | | | | | | | | |*|
  7: | | | |*| | | |*| | |
  6: | | | | |*| | | | | |
  5: | | | | | | | |*| | |
  4: | | | |*| | | | | | |
  3: | | |*| | | | | | | |
  2: | |^| | | | | | | | |
  1: | | | | | | | | | | |
  0: |*| | | | | | | | |*|
 -1: ---------------------

-----------------
Move information:
Animal moved from (1,2) to (1,1)

Current map state:

 y\x  0 1 2 3 4 5 6 7 8 9
  9: ---------------------
  8: | | | | | | | | | |*|
  7: | | | |*| | | |*| | |
  6: | | | | |*| | | | | |
  5: | | | | | | | |*| | |
  4: | | | |*| | | | | | |
  3: | | |*| | | | | | | |
  2: | |*| | | | | | | | |
  1: | |^| | | | | | | | |
  0: |*| | | | | | | | |*|
 -1: ---------------------

-----------------
Move information:
Animal changed direction from Północ to Wschód

Current map state:

 y\x  0 1 2 3 4 5 6 7 8 9
  9: ---------------------
  8: | | | | | | | | | |*|
  7: | | | |*| | | |*| | |
  6: | | | | |*| | | | | |
  5: | | | | | | | |*| | |
  4: | | | |*| | | | | | |
  3: | | |*| | | | | | | |
  2: | |*| | | | | | | | |
  1: | |>| | | | | | | | |
  0: |*| | | | | | | | |*|
 -1: ---------------------

-----------------
Move information:
Animal changed direction from Wschód to Północ

Current map state:

 y\x  0 1 2 3 4 5 6 7 8 9
  9: ---------------------
  8: | | | | | | | | | |*|
  7: | | | |*| | | |*| | |
  6: | | | | |*| | | | | |
  5: | | | | | | | |*| | |
  4: | | | |*| | | | | | |
  3: | | |*| | | | | | | |
  2: | |*| | | | | | | | |
  1: | |^| | | | | | | | |
  0: |*| | | | | | | | |*|
 -1: ---------------------

-----------------
Move information:
Animal moved from (1,1) to (1,2)

Current map state:

 y\x  0 1 2 3 4 5 6 7 8 9
  9: ---------------------
  8: | | | | | | | | | |*|
  7: | | | |*| | | |*| | |
  6: | | | | |*| | | | | |
  5: | | | | | | | |*| | |
  4: | | | |*| | | | | | |
  3: | | |*| | | | | | | |
  2: | |^| | | | | | | | |
  1: | | | | | | | | | | |
  0: |*| | | | | | | | |*|
 -1: ---------------------

-----------------
Move information:
Animal moved from (1,2) to (1,3)

Current map state:

 y\x  0 1 2 3 4 5 6 7 8 9
  9: ---------------------
  8: | | | | | | | | | |*|
  7: | | | |*| | | |*| | |
  6: | | | | |*| | | | | |
  5: | | | | | | | |*| | |
  4: | | | |*| | | | | | |
  3: | |^|*| | | | | | | |
  2: | |*| | | | | | | | |
  1: | | | | | | | | | | |
  0: |*| | | | | | | | |*|
 -1: ---------------------

-----------------
Move information:
Animal changed direction from Północ to Wschód

Current map state:

 y\x  0 1 2 3 4 5 6 7 8 9
  9: ---------------------
  8: | | | | | | | | | |*|
  7: | | | |*| | | |*| | |
  6: | | | | |*| | | | | |
  5: | | | | | | | |*| | |
  4: | | | |*| | | | | | |
  3: | |>|*| | | | | | | |
  2: | |*| | | | | | | | |
  1: | | | | | | | | | | |
  0: |*| | | | | | | | |*|
 -1: ---------------------

-----------------
Move information:
Animal changed direction from Wschód to Południe

Current map state:

 y\x  0 1 2 3 4 5 6 7 8 9
  9: ---------------------
  8: | | | | | | | | | |*|
  7: | | | |*| | | |*| | |
  6: | | | | |*| | | | | |
  5: | | | | | | | |*| | |
  4: | | | |*| | | | | | |
  3: | |v|*| | | | | | | |
  2: | |*| | | | | | | | |
  1: | | | | | | | | | | |
  0: |*| | | | | | | | |*|
 -1: ---------------------

-----------------
Move information:
Animal moved from (1,3) to (1,2)

Current map state:

 y\x  0 1 2 3 4 5 6 7 8 9
  9: ---------------------
  8: | | | | | | | | | |*|
  7: | | | |*| | | |*| | |
  6: | | | | |*| | | | | |
  5: | | | | | | | |*| | |
  4: | | | |*| | | | | | |
  3: | | |*| | | | | | | |
  2: | |v| | | | | | | | |
  1: | | | | | | | | | | |
  0: |*| | | | | | | | |*|
 -1: ---------------------

-----------------
Move information:
Animal moved from (1,2) to (1,1)

Current map state:

 y\x  0 1 2 3 4 5 6 7 8 9
  9: ---------------------
  8: | | | | | | | | | |*|
  7: | | | |*| | | |*| | |
  6: | | | | |*| | | | | |
  5: | | | | | | | |*| | |
  4: | | | |*| | | | | | |
  3: | | |*| | | | | | | |
  2: | |*| | | | | | | | |
  1: | |v| | | | | | | | |
  0: |*| | | | | | | | |*|
 -1: ---------------------

-----------------
Move information:
Animal moved from (1,1) to (1,0)

Current map state:

 y\x  0 1 2 3 4 5 6 7 8 9
  9: ---------------------
  8: | | | | | | | | | |*|
  7: | | | |*| | | |*| | |
  6: | | | | |*| | | | | |
  5: | | | | | | | |*| | |
  4: | | | |*| | | | | | |
  3: | | |*| | | | | | | |
  2: | |*| | | | | | | | |
  1: | | | | | | | | | | |
  0: |*|v| | | | | | | |*|
 -1: ---------------------

-----------------
Move information:
Animal was placed at (1,1)

Current map state:

 y\x  1 2 3 4 5 6 7 8 9
 10: -------------------
  9: |*| | |*| | | | |*|
  8: | | | | | | |*| | |
  7: | | | | | | | | | |
  6: | | | |*| | | | | |
  5: | | |*| | | | | | |
  4: | | | | | | | | | |
  3: | | |*| | | | | | |
  2: |*| | | | | | | | |
  1: |^| | | | | | | |*|
  0: | |*| | | | | | | |
 -1: -------------------

-----------------
Move information:
Animal moved from (1,1) to (1,2)

Current map state:

 y\x  1 2 3 4 5 6 7 8 9
 10: -------------------
  9: |*| | |*| | | | |*|
  8: | | | | | | |*| | |
  7: | | | | | | | | | |
  6: | | | |*| | | | | |
  5: | | |*| | | | | | |
  4: | | | | | | | | | |
  3: | | |*| | | | | | |
  2: |^| | | | | | | | |
  1: | | | | | | | | |*|
  0: | |*| | | | | | | |
 -1: -------------------

-----------------
Move information:
Animal moved from (1,2) to (1,1)

Current map state:

 y\x  1 2 3 4 5 6 7 8 9
 10: -------------------
  9: |*| | |*| | | | |*|
  8: | | | | | | |*| | |
  7: | | | | | | | | | |
  6: | | | |*| | | | | |
  5: | | |*| | | | | | |
  4: | | | | | | | | | |
  3: | | |*| | | | | | |
  2: |*| | | | | | | | |
  1: |^| | | | | | | |*|
  0: | |*| | | | | | | |
 -1: -------------------

-----------------
Move information:
Animal changed direction from Północ to Północny-Wschód

Current map state:

 y\x  1 2 3 4 5 6 7 8 9
 10: -------------------
  9: |*| | |*| | | | |*|
  8: | | | | | | |*| | |
  7: | | | | | | | | | |
  6: | | | |*| | | | | |
  5: | | |*| | | | | | |
  4: | | | | | | | | | |
  3: | | |*| | | | | | |
  2: |*| | | | | | | | |
  1: |↗| | | | | | | |*|
  0: | |*| | | | | | | |
 -1: -------------------

-----------------
Move information:
Animal changed direction from Północny-Wschód to Północ

Current map state:

 y\x  1 2 3 4 5 6 7 8 9
 10: -------------------
  9: |*| | |*| | | | |*|
  8: | | | | | | |*| | |
  7: | | | | | | | | | |
  6: | | | |*| | | | | |
  5: | | |*| | | | | | |
  4: | | | | | | | | | |
  3: | | |*| | | | | | |
  2: |*| | | | | | | | |
  1: |^| | | | | | | |*|
  0: | |*| | | | | | | |
 -1: -------------------

-----------------
Move information:
Animal moved from (1,1) to (1,2)

Current map state:

 y\x  1 2 3 4 5 6 7 8 9
 10: -------------------
  9: |*| | |*| | | | |*|
  8: | | | | | | |*| | |
  7: | | | | | | | | | |
  6: | | | |*| | | | | |
  5: | | |*| | | | | | |
  4: | | | | | | | | | |
  3: | | |*| | | | | | |
  2: |^| | | | | | | | |
  1: | | | | | | | | |*|
  0: | |*| | | | | | | |
 -1: -------------------

-----------------
Move information:
Animal moved from (1,2) to (1,3)

Current map state:

 y\x  1 2 3 4 5 6 7 8 9
 10: -------------------
  9: |*| | |*| | | | |*|
  8: | | | | | | |*| | |
  7: | | | | | | | | | |
  6: | | | |*| | | | | |
  5: | | |*| | | | | | |
  4: | | | | | | | | | |
  3: |^| |*| | | | | | |
  2: |*| | | | | | | | |
  1: | | | | | | | | |*|
  0: | |*| | | | | | | |
 -1: -------------------

-----------------
Move information:
Animal changed direction from Północ to Północny-Wschód

Current map state:

 y\x  1 2 3 4 5 6 7 8 9
 10: -------------------
  9: |*| | |*| | | | |*|
  8: | | | | | | |*| | |
  7: | | | | | | | | | |
  6: | | | |*| | | | | |
  5: | | |*| | | | | | |
  4: | | | | | | | | | |
  3: |↗| |*| | | | | | |
  2: |*| | | | | | | | |
  1: | | | | | | | | |*|
  0: | |*| | | | | | | |
 -1: -------------------

-----------------
Move information:
Animal changed direction from Północny-Wschód to Wschód

Current map state:

 y\x  1 2 3 4 5 6 7 8 9
 10: -------------------
  9: |*| | |*| | | | |*|
  8: | | | | | | |*| | |
  7: | | | | | | | | | |
  6: | | | |*| | | | | |
  5: | | |*| | | | | | |
  4: | | | | | | | | | |
  3: |>| |*| | | | | | |
  2: |*| | | | | | | | |
  1: | | | | | | | | |*|
  0: | |*| | | | | | | |
 -1: -------------------

-----------------
Move information:
Animal moved from (1,3) to (2,3)

Current map state:

 y\x  1 2 3 4 5 6 7 8 9
 10: -------------------
  9: |*| | |*| | | | |*|
  8: | | | | | | |*| | |
  7: | | | | | | | | | |
  6: | | | |*| | | | | |
  5: | | |*| | | | | | |
  4: | | | | | | | | | |
  3: | |>|*| | | | | | |
  2: |*| | | | | | | | |
  1: | | | | | | | | |*|
  0: | |*| | | | | | | |
 -1: -------------------

-----------------
Move information:
Animal moved from (2,3) to (3,3)

Current map state:

 y\x  1 2 3 4 5 6 7 8 9
 10: -------------------
  9: |*| | |*| | | | |*|
  8: | | | | | | |*| | |
  7: | | | | | | | | | |
  6: | | | |*| | | | | |
  5: | | |*| | | | | | |
  4: | | | | | | | | | |
  3: | | |>| | | | | | |
  2: |*| | | | | | | | |
  1: | | | | | | | | |*|
  0: | |*| | | | | | | |
 -1: -------------------

-----------------
Move information:
Animal moved from (3,3) to (4,3)

Current map state:

 y\x  1 2 3 4 5 6 7 8 9
 10: -------------------
  9: |*| | |*| | | | |*|
  8: | | | | | | |*| | |
  7: | | | | | | | | | |
  6: | | | |*| | | | | |
  5: | | |*| | | | | | |
  4: | | | | | | | | | |
  3: | | |*|>| | | | | |
  2: |*| | | | | | | | |
  1: | | | | | | | | |*|
  0: | |*| | | | | | | |
 -1: -------------------

-----------------
Move information:
Animal moved from (4,3) to (5,3)

Current map state:

 y\x  1 2 3 4 5 6 7 8 9
 10: -------------------
  9: |*| | |*| | | | |*|
  8: | | | | | | |*| | |
  7: | | | | | | | | | |
  6: | | | |*| | | | | |
  5: | | |*| | | | | | |
  4: | | | | | | | | | |
  3: | | |*| |>| | | | |
  2: |*| | | | | | | | |
  1: | | | | | | | | |*|
  0: | |*| | | | | | | |
 -1: -------------------

-----------------
Move information:
Animal moved from (5,3) to (6,3)

Current map state:

 y\x  1 2 3 4 5 6 7 8 9
 10: -------------------
  9: |*| | |*| | | | |*|
  8: | | | | | | |*| | |
  7: | | | | | | | | | |
  6: | | | |*| | | | | |
  5: | | |*| | | | | | |
  4: | | | | | | | | | |
  3: | | |*| | |>| | | |
  2: |*| | | | | | | | |
  1: | | | | | | | | |*|
  0: | |*| | | | | | | |
 -1: -------------------

-----------------
Move information:
Animal moved from (6,3) to (7,3)

Current map state:

 y\x  1 2 3 4 5 6 7 8 9
 10: -------------------
  9: |*| | |*| | | | |*|
  8: | | | | | | |*| | |
  7: | | | | | | | | | |
  6: | | | |*| | | | | |
  5: | | |*| | | | | | |
  4: | | | | | | | | | |
  3: | | |*| | | |>| | |
  2: |*| | | | | | | | |
  1: | | | | | | | | |*|
  0: | |*| | | | | | | |
 -1: -------------------

-----------------
Move information:
Animal moved from (7,3) to (8,3)

Current map state:

 y\x  1 2 3 4 5 6 7 8 9
 10: -------------------
  9: |*| | |*| | | | |*|
  8: | | | | | | |*| | |
  7: | | | | | | | | | |
  6: | | | |*| | | | | |
  5: | | |*| | | | | | |
  4: | | | | | | | | | |
  3: | | |*| | | | |>| |
  2: |*| | | | | | | | |
  1: | | | | | | | | |*|
  0: | |*| | | | | | | |
 -1: -------------------

-----------------
Move information:
Animal moved from (8,3) to (9,3)

Current map state:

 y\x  1 2 3 4 5 6 7 8 9
 10: -------------------
  9: |*| | |*| | | | |*|
  8: | | | | | | |*| | |
  7: | | | | | | | | | |
  6: | | | |*| | | | | |
  5: | | |*| | | | | | |
  4: | | | | | | | | | |
  3: | | |*| | | | | |>|
  2: |*| | | | | | | | |
  1: | | | | | | | | |*|
  0: | |*| | | | | | | |
 -1: -------------------

-----------------
Move information:
Animal was placed at (1,1)

Current map state:

 y\x  0 1 2 3 4 5 6 7 8
 10: -------------------
  9: |*| | | | | | | | |
  8: | |*| | | |*| | | |
  7: | | | | |*| | | | |
  6: | | | | | | | | | |
  5: | | | | | | | | |*|
  4: | | | | | | | | | |
  3: | |*| | | | | | | |
  2: | | | | | | |*| | |
  1: | |^| | | | |*| | |
  0: |*| | | | |*| | | |
 -1: -------------------

-----------------
Move information:
Animal moved from (1,1) to (1,2)

Current map state:

 y\x  0 1 2 3 4 5 6 7 8
 10: -------------------
  9: |*| | | | | | | | |
  8: | |*| | | |*| | | |
  7: | | | | |*| | | | |
  6: | | | | | | | | | |
  5: | | | | | | | | |*|
  4: | | | | | | | | | |
  3: | |*| | | | | | | |
  2: | |^| | | | |*| | |
  1: | | | | | | |*| | |
  0: |*| | | | |*| | | |
 -1: -------------------

-----------------
Move information:
Animal moved from (1,2) to (1,1)

Current map state:

 y\x  0 1 2 3 4 5 6 7 8
 10: -------------------
  9: |*| | | | | | | | |
  8: | |*| | | |*| | | |
  7: | | | | |*| | | | |
  6: | | | | | | | | | |
  5: | | | | | | | | |*|
  4: | | | | | | | | | |
  3: | |*| | | | | | | |
  2: | | | | | | |*| | |
  1: | |^| | | | |*| | |
  0: |*| | | | |*| | | |
 -1: -------------------

-----------------
Move information:
Animal changed direction from Północ to Północny-Wschód

Current map state:

 y\x  0 1 2 3 4 5 6 7 8
 10: -------------------
  9: |*| | | | | | | | |
  8: | |*| | | |*| | | |
  7: | | | | |*| | | | |
  6: | | | | | | | | | |
  5: | | | | | | | | |*|
  4: | | | | | | | | | |
  3: | |*| | | | | | | |
  2: | | | | | | |*| | |
  1: | |↗| | | | |*| | |
  0: |*| | | | |*| | | |
 -1: -------------------

-----------------
Move information:
Animal changed direction from Północny-Wschód to Północ

Current map state:

 y\x  0 1 2 3 4 5 6 7 8
 10: -------------------
  9: |*| | | | | | | | |
  8: | |*| | | |*| | | |
  7: | | | | |*| | | | |
  6: | | | | | | | | | |
  5: | | | | | | | | |*|
  4: | | | | | | | | | |
  3: | |*| | | | | | | |
  2: | | | | | | |*| | |
  1: | |^| | | | |*| | |
  0: |*| | | | |*| | | |
 -1: -------------------

-----------------
Move information:
Animal moved from (1,1) to (1,2)

Current map state:

 y\x  0 1 2 3 4 5 6 7 8
 10: -------------------
  9: |*| | | | | | | | |
  8: | |*| | | |*| | | |
  7: | | | | |*| | | | |
  6: | | | | | | | | | |
  5: | | | | | | | | |*|
  4: | | | | | | | | | |
  3: | |*| | | | | | | |
  2: | |^| | | | |*| | |
  1: | | | | | | |*| | |
  0: |*| | | | |*| | | |
 -1: -------------------

-----------------
Move information:
Animal moved from (1,2) to (1,3)

Current map state:

 y\x  0 1 2 3 4 5 6 7 8
 10: -------------------
  9: |*| | | | | | | | |
  8: | |*| | | |*| | | |
  7: | | | | |*| | | | |
  6: | | | | | | | | | |
  5: | | | | | | | | |*|
  4: | | | | | | | | | |
  3: | |^| | | | | | | |
  2: | | | | | | |*| | |
  1: | | | | | | |*| | |
  0: |*| | | | |*| | | |
 -1: -------------------

-----------------
Move information:
Animal changed direction from Północ to Północny-Wschód

Current map state:

 y\x  0 1 2 3 4 5 6 7 8
 10: -------------------
  9: |*| | | | | | | | |
  8: | |*| | | |*| | | |
  7: | | | | |*| | | | |
  6: | | | | | | | | | |
  5: | | | | | | | | |*|
  4: | | | | | | | | | |
  3: | |↗| | | | | | | |
  2: | | | | | | |*| | |
  1: | | | | | | |*| | |
  0: |*| | | | |*| | | |
 -1: -------------------

-----------------
Move information:
Animal changed direction from Północny-Wschód to Wschód

Current map state:

 y\x  0 1 2 3 4 5 6 7 8
 10: -------------------
  9: |*| | | | | | | | |
  8: | |*| | | |*| | | |
  7: | | | | |*| | | | |
  6: | | | | | | | | | |
  5: | | | | | | | | |*|
  4: | | | | | | | | | |
  3: | |>| | | | | | | |
  2: | | | | | | |*| | |
  1: | | | | | | |*| | |
  0: |*| | | | |*| | | |
 -1: -------------------

-----------------
Move information:
Animal moved from (1,3) to (2,3)

Current map state:

 y\x  0 1 2 3 4 5 6 7 8
 10: -------------------
  9: |*| | | | | | | | |
  8: | |*| | | |*| | | |
  7: | | | | |*| | | | |
  6: | | | | | | | | | |
  5: | | | | | | | | |*|
  4: | | | | | | | | | |
  3: | |*|>| | | | | | |
  2: | | | | | | |*| | |
  1: | | | | | | |*| | |
  0: |*| | | | |*| | | |
 -1: -------------------

-----------------
Move information:
Animal moved from (2,3) to (3,3)

Current map state:

 y\x  0 1 2 3 4 5 6 7 8
 10: -------------------
  9: |*| | | | | | | | |
  8: | |*| | | |*| | | |
  7: | | | | |*| | | | |
  6: | | | | | | | | | |
  5: | | | | | | | | |*|
  4: | | | | | | | | | |
  3: | |*| |>| | | | | |
  2: | | | | | | |*| | |
  1: | | | | | | |*| | |
  0: |*| | | | |*| | | |
 -1: -------------------

-----------------
Move information:
Animal moved from (3,3) to (4,3)

Current map state:

 y\x  0 1 2 3 4 5 6 7 8
 10: -------------------
  9: |*| | | | | | | | |
  8: | |*| | | |*| | | |
  7: | | | | |*| | | | |
  6: | | | | | | | | | |
  5: | | | | | | | | |*|
  4: | | | | | | | | | |
  3: | |*| | |>| | | | |
  2: | | | | | | |*| | |
  1: | | | | | | |*| | |
  0: |*| | | | |*| | | |
 -1: -------------------

-----------------
